0 info it worked if it ends with ok
1 verbose cli [ '/usr/bin/node', '/usr/bin/npm', 'install', 'mocha', '-g' ]
2 info using npm@1.4.28
3 info using node@v0.10.33
4 verbose node symlink /usr/bin/node
5 verbose cache add [ 'mocha', null ]
6 verbose cache add name=undefined spec="mocha" args=["mocha",null]
7 verbose parsed url { protocol: null,
7 verbose parsed url   slashes: null,
7 verbose parsed url   auth: null,
7 verbose parsed url   host: null,
7 verbose parsed url   port: null,
7 verbose parsed url   hostname: null,
7 verbose parsed url   hash: null,
7 verbose parsed url   search: null,
7 verbose parsed url   query: null,
7 verbose parsed url   pathname: 'mocha',
7 verbose parsed url   path: 'mocha',
7 verbose parsed url   href: 'mocha' }
8 silly lockFile a619da43-mocha mocha
9 verbose lock mocha /home/praetoriaen/.npm/a619da43-mocha.lock
10 silly lockFile a619da43-mocha mocha
11 silly lockFile a619da43-mocha mocha
12 verbose addNamed [ 'mocha', '' ]
13 verbose addNamed [ null, '*' ]
14 silly lockFile b9899f31-mocha mocha@
15 verbose lock mocha@ /home/praetoriaen/.npm/b9899f31-mocha.lock
16 silly addNameRange { name: 'mocha', range: '*', hasData: false }
17 verbose registry.get https://registry.npmjs.org/mocha not expired, no request
18 silly addNameRange number 2 { name: 'mocha', range: '*', hasData: true }
19 silly addNameRange versions [ 'mocha',
19 silly addNameRange   [ '0.0.1-alpha1',
19 silly addNameRange     '0.0.1-alpha2',
19 silly addNameRange     '0.0.1-alpha3',
19 silly addNameRange     '0.0.1-alpha4',
19 silly addNameRange     '0.0.1-alpha5',
19 silly addNameRange     '0.0.1-alpha6',
19 silly addNameRange     '0.0.1',
19 silly addNameRange     '0.0.2',
19 silly addNameRange     '0.0.3',
19 silly addNameRange     '0.0.4',
19 silly addNameRange     '0.0.5',
19 silly addNameRange     '0.0.6',
19 silly addNameRange     '0.0.7',
19 silly addNameRange     '0.0.8',
19 silly addNameRange     '0.1.0',
19 silly addNameRange     '0.2.0',
19 silly addNameRange     '0.3.0',
19 silly addNameRange     '0.3.1',
19 silly addNameRange     '0.3.2',
19 silly addNameRange     '0.3.3',
19 silly addNameRange     '0.3.4',
19 silly addNameRange     '0.3.6',
19 silly addNameRange     '0.4.0',
19 silly addNameRange     '0.5.0',
19 silly addNameRange     '0.6.0',
19 silly addNameRange     '0.7.0',
19 silly addNameRange     '0.7.1',
19 silly addNameRange     '0.8.0',
19 silly addNameRange     '0.8.1',
19 silly addNameRange     '0.9.0',
19 silly addNameRange     '0.10.0',
19 silly addNameRange     '0.10.1',
19 silly addNameRange     '0.10.2',
19 silly addNameRange     '0.11.0',
19 silly addNameRange     '0.12.0',
19 silly addNameRange     '0.12.1',
19 silly addNameRange     '0.13.0',
19 silly addNameRange     '0.14.0',
19 silly addNameRange     '0.14.1',
19 silly addNameRange     '1.0.0',
19 silly addNameRange     '1.0.1',
19 silly addNameRange     '1.0.2',
19 silly addNameRange     '1.0.3',
19 silly addNameRange     '1.1.0',
19 silly addNameRange     '1.2.0',
19 silly addNameRange     '1.2.1',
19 silly addNameRange     '1.2.2',
19 silly addNameRange     '1.3.0',
19 silly addNameRange     '1.3.1',
19 silly addNameRange     '1.3.2',
19 silly addNameRange     '1.4.0',
19 silly addNameRange     '1.4.1',
19 silly addNameRange     '1.4.2',
19 silly addNameRange     '1.4.3',
19 silly addNameRange     '1.5.0',
19 silly addNameRange     '1.6.0',
19 silly addNameRange     '1.7.0',
19 silly addNameRange     '1.7.1',
19 silly addNameRange     '1.7.2',
19 silly addNameRange     '1.7.3',
19 silly addNameRange     '1.7.4',
19 silly addNameRange     '1.8.0',
19 silly addNameRange     '1.8.1',
19 silly addNameRange     '1.8.2',
19 silly addNameRange     '1.9.0',
19 silly addNameRange     '1.10.0',
19 silly addNameRange     '1.11.0',
19 silly addNameRange     '1.12.0',
19 silly addNameRange     '1.12.1',
19 silly addNameRange     '1.13.0',
19 silly addNameRange     '1.14.0',
19 silly addNameRange     '1.15.0',
19 silly addNameRange     '1.15.1',
19 silly addNameRange     '1.16.0',
19 silly addNameRange     '1.16.1',
19 silly addNameRange     '1.16.2',
19 silly addNameRange     '1.17.0',
19 silly addNameRange     '1.17.1',
19 silly addNameRange     '1.18.0',
19 silly addNameRange     '1.18.1',
19 silly addNameRange     '1.18.2',
19 silly addNameRange     '1.19.0',
19 silly addNameRange     '1.20.0',
19 silly addNameRange     '1.20.1',
19 silly addNameRange     '1.21.0',
19 silly addNameRange     '1.21.1',
19 silly addNameRange     '1.21.2',
19 silly addNameRange     '1.21.3',
19 silly addNameRange     '1.21.4',
19 silly addNameRange     '1.21.5',
19 silly addNameRange     '2.0.0',
19 silly addNameRange     '2.0.1' ] ]
20 verbose addNamed [ 'mocha', '2.0.1' ]
21 verbose addNamed [ '2.0.1', '2.0.1' ]
22 silly lockFile 5f39746a-mocha-2-0-1 mocha@2.0.1
23 verbose lock mocha@2.0.1 /home/praetoriaen/.npm/5f39746a-mocha-2-0-1.lock
24 silly lockFile dc84c91a--npmjs-org-mocha-mocha-2-0-1-tgz https://registry.npmjs.org/mocha/-/mocha-2.0.1.tgz
25 verbose lock https://registry.npmjs.org/mocha/-/mocha-2.0.1.tgz /home/praetoriaen/.npm/dc84c91a--npmjs-org-mocha-mocha-2-0-1-tgz.lock
26 verbose addRemoteTarball [ 'https://registry.npmjs.org/mocha/-/mocha-2.0.1.tgz',
26 verbose addRemoteTarball   '5a16e88b856d0c4145d8c6888c27ebd4fab13e90' ]
27 info retry fetch attempt 1 at 18:32:32
28 verbose fetch to= /tmp/npm-4941-ujZOJZ9z/registry.npmjs.org/mocha/-/mocha-2.0.1.tgz
29 http GET https://registry.npmjs.org/mocha/-/mocha-2.0.1.tgz
30 http 200 https://registry.npmjs.org/mocha/-/mocha-2.0.1.tgz
31 silly lockFile dc84c91a--npmjs-org-mocha-mocha-2-0-1-tgz https://registry.npmjs.org/mocha/-/mocha-2.0.1.tgz
32 silly lockFile dc84c91a--npmjs-org-mocha-mocha-2-0-1-tgz https://registry.npmjs.org/mocha/-/mocha-2.0.1.tgz
33 silly lockFile 5f39746a-mocha-2-0-1 mocha@2.0.1
34 silly lockFile 5f39746a-mocha-2-0-1 mocha@2.0.1
35 silly lockFile b9899f31-mocha mocha@
36 silly lockFile b9899f31-mocha mocha@
37 error Error: EACCES, mkdir '/home/praetoriaen/.npm/mocha/2.0.1'
37 error  { [Error: EACCES, mkdir '/home/praetoriaen/.npm/mocha/2.0.1']
37 error   errno: 3,
37 error   code: 'EACCES',
37 error   path: '/home/praetoriaen/.npm/mocha/2.0.1' }
38 error Please try running this command again as root/Administrator.
39 error System Linux 3.13.0-39-generic
40 error command "/usr/bin/node" "/usr/bin/npm" "install" "mocha" "-g"
41 error cwd /home/praetoriaen/Projects/vinculum-liber
42 error node -v v0.10.33
43 error npm -v 1.4.28
44 error path /home/praetoriaen/.npm/mocha/2.0.1
45 error code EACCES
46 error errno 3
47 error stack Error: EACCES, mkdir '/home/praetoriaen/.npm/mocha/2.0.1'
48 verbose exit [ 3, true ]
